
Failures:

  1) google_3 open home page
     [31mFailure/Error:[0m [31m@driver.find_element(id: 'lst-ib').send_keys "SHEN"[0m
     [31mSelenium::WebDriver::Error::NoSuchElementError[0m:
       [31mno such element: Unable to locate element: {"method":"id","selector":"lst-ib"}[0m
       [31m  (Session info: chrome=68.0.3440.84)[0m
       [31m  (Driver info: chromedriver=2.41.578700 (2f1ed5f9343c13f73144538f15c00b370eda6706),platform=Linux 4.9.60-linuxkit-aufs x86_64)[0m
[36m     # ./test/google_3/google_3_spec.rb:7:in `block (2 levels) in <top (required)>'[0m

Finished in 3.15 seconds
[31m1 example, 1 failure[0m

Failed examples:

[31mrspec ./test/google_3/google_3_spec.rb:5[0m [36m# google_3 open home page[0m

Finished in 9.85 seconds
[32m1 example, 0 failures[0m

Finished in 10.61 seconds
[32m1 example, 0 failures[0m

Failures:

  1) google_4 open home page
     [31mFailure/Error:[0m [31m@driver.find_element(id: 'lst-ib').send_keys "SABRINA"[0m
     [31mSelenium::WebDriver::Error::NoSuchElementError[0m:
       [31mno such element: Unable to locate element: {"method":"id","selector":"lst-ib"}[0m
       [31m  (Session info: chrome=68.0.3440.84)[0m
       [31m  (Driver info: chromedriver=2.41.578700 (2f1ed5f9343c13f73144538f15c00b370eda6706),platform=Linux 4.9.60-linuxkit-aufs x86_64)[0m
[36m     # ./test/google_4/google_4_spec.rb:8:in `block (2 levels) in <top (required)>'[0m

  2) google_4 print url
     [31mFailure/Error:[0m [31mp @driver.find_element(xpath: '//h3/a/tttt').text[0m
     [31mSelenium::WebDriver::Error::NoSuchElementError[0m:
       [31mno such element: Unable to locate element: {"method":"xpath","selector":"//h3/a/tttt"}[0m
       [31m  (Session info: chrome=68.0.3440.84)[0m
       [31m  (Driver info: chromedriver=2.41.578700 (2f1ed5f9343c13f73144538f15c00b370eda6706),platform=Linux 4.9.60-linuxkit-aufs x86_64)[0m
[36m     # ./test/google_4/google_4_spec.rb:21:in `block (2 levels) in <top (required)>'[0m

Finished in 14.08 seconds
[31m2 examples, 2 failures[0m

Failed examples:

[31mrspec ./test/google_4/google_4_spec.rb:6[0m [36m# google_4 open home page[0m
[31mrspec ./test/google_4/google_4_spec.rb:15[0m [36m# google_4 print url[0m
